2022/04/26 08:16:51 Running td
2022/04/26 08:16:51 progress: 1% (288 / 28800)
2022/04/26 08:16:51 progress: 2% (576 / 28800)
2022/04/26 08:16:51 progress: 3% (864 / 28800)
2022/04/26 08:16:51 progress: 4% (1152 / 28800)
2022/04/26 08:16:51 progress: 5% (1440 / 28800)
2022/04/26 08:16:51 progress: 6% (1728 / 28800)
2022/04/26 08:16:51 progress: 7% (2016 / 28800)
2022/04/26 08:16:51 progress: 8% (2304 / 28800)
2022/04/26 08:16:51 progress: 9% (2592 / 28800)
2022/04/26 08:16:52 progress: 10% (2880 / 28800)
2022/04/26 08:16:52 progress: 11% (3168 / 28800)
2022/04/26 08:16:52 progress: 12% (3456 / 28800)
2022/04/26 08:16:52 progress: 13% (3744 / 28800)
2022/04/26 08:16:52 progress: 14% (4032 / 28800)
2022/04/26 08:16:52 progress: 15% (4320 / 28800)
2022/04/26 08:16:52 progress: 16% (4608 / 28800)
2022/04/26 08:16:52 progress: 17% (4896 / 28800)
2022/04/26 08:16:53 progress: 18% (5184 / 28800)
2022/04/26 08:16:53 progress: 19% (5472 / 28800)
2022/04/26 08:16:53 progress: 20% (5760 / 28800)
2022/04/26 08:16:53 progress: 21% (6048 / 28800)
2022/04/26 08:16:53 progress: 22% (6336 / 28800)
2022/04/26 08:16:54 progress: 23% (6624 / 28800)
2022/04/26 08:16:54 progress: 24% (6912 / 28800)
2022/04/26 08:16:54 progress: 25% (7200 / 28800)
2022/04/26 08:16:55 progress: 26% (7488 / 28800)
2022/04/26 08:16:55 progress: 27% (7776 / 28800)
2022/04/26 08:16:56 progress: 28% (8064 / 28800)
2022/04/26 08:16:56 progress: 29% (8352 / 28800)
2022/04/26 08:16:57 progress: 30% (8640 / 28800)
2022/04/26 08:16:58 progress: 31% (8928 / 28800)
2022/04/26 08:16:58 progress: 32% (9216 / 28800)
2022/04/26 08:16:59 progress: 33% (9504 / 28800)
2022/04/26 08:17:00 progress: 34% (9792 / 28800)
2022/04/26 08:17:00 progress: 35% (10080 / 28800)
2022/04/26 08:17:01 progress: 36% (10368 / 28800)
2022/04/26 08:17:02 progress: 37% (10656 / 28800)
2022/04/26 08:17:03 progress: 38% (10944 / 28800)
2022/04/26 08:17:04 progress: 39% (11232 / 28800)
2022/04/26 08:17:05 progress: 40% (11520 / 28800)
2022/04/26 08:17:06 progress: 41% (11808 / 28800)
2022/04/26 08:17:07 progress: 42% (12096 / 28800)
2022/04/26 08:17:09 progress: 43% (12384 / 28800)
2022/04/26 08:17:10 progress: 44% (12672 / 28800)
2022/04/26 08:17:12 progress: 45% (12960 / 28800)
2022/04/26 08:17:13 progress: 46% (13248 / 28800)
2022/04/26 08:17:15 progress: 47% (13536 / 28800)
2022/04/26 08:17:17 progress: 48% (13824 / 28800)
2022/04/26 08:17:19 progress: 49% (14112 / 28800)
2022/04/26 08:17:21 progress: 50% (14400 / 28800)
2022/04/26 08:17:23 progress: 51% (14688 / 28800)
2022/04/26 08:17:25 progress: 52% (14976 / 28800)
2022/04/26 08:17:28 progress: 53% (15264 / 28800)
2022/04/26 08:17:30 progress: 54% (15552 / 28800)
2022/04/26 08:17:32 progress: 55% (15840 / 28800)
2022/04/26 08:17:35 progress: 56% (16128 / 28800)
2022/04/26 08:17:37 progress: 57% (16416 / 28800)
2022/04/26 08:17:40 progress: 58% (16704 / 28800)
2022/04/26 08:17:43 progress: 59% (16992 / 28800)
2022/04/26 08:17:47 progress: 60% (17280 / 28800)
2022/04/26 08:17:50 progress: 61% (17568 / 28800)
2022/04/26 08:17:53 progress: 62% (17856 / 28800)
2022/04/26 08:17:56 progress: 63% (18144 / 28800)
2022/04/26 08:17:59 progress: 64% (18432 / 28800)
2022/04/26 08:18:03 progress: 65% (18720 / 28800)
2022/04/26 08:18:06 progress: 66% (19008 / 28800)
2022/04/26 08:18:10 progress: 67% (19296 / 28800)
2022/04/26 08:18:14 progress: 68% (19584 / 28800)
2022/04/26 08:18:17 progress: 69% (19872 / 28800)
2022/04/26 08:18:21 progress: 70% (20160 / 28800)
2022/04/26 08:18:25 progress: 71% (20448 / 28800)
2022/04/26 08:18:29 progress: 72% (20736 / 28800)
2022/04/26 08:18:33 progress: 73% (21024 / 28800)
2022/04/26 08:18:37 progress: 74% (21312 / 28800)
2022/04/26 08:18:41 progress: 75% (21600 / 28800)
2022/04/26 08:18:45 progress: 76% (21888 / 28800)
2022/04/26 08:18:49 progress: 77% (22176 / 28800)
2022/04/26 08:18:54 progress: 78% (22464 / 28800)
2022/04/26 08:18:58 progress: 79% (22752 / 28800)
2022/04/26 08:19:02 progress: 80% (23040 / 28800)
2022/04/26 08:19:07 progress: 81% (23328 / 28800)
2022/04/26 08:19:11 progress: 82% (23616 / 28800)
2022/04/26 08:19:16 progress: 83% (23904 / 28800)
2022/04/26 08:19:20 progress: 84% (24192 / 28800)
2022/04/26 08:19:24 progress: 85% (24480 / 28800)
2022/04/26 08:19:29 progress: 86% (24768 / 28800)
2022/04/26 08:19:33 progress: 87% (25056 / 28800)
2022/04/26 08:19:38 progress: 88% (25344 / 28800)
2022/04/26 08:19:43 progress: 89% (25632 / 28800)
2022/04/26 08:19:48 progress: 90% (25920 / 28800)
2022/04/26 08:19:52 progress: 91% (26208 / 28800)
2022/04/26 08:19:57 progress: 92% (26496 / 28800)
2022/04/26 08:20:02 progress: 93% (26784 / 28800)
2022/04/26 08:20:06 progress: 94% (27072 / 28800)
2022/04/26 08:20:11 progress: 95% (27360 / 28800)
2022/04/26 08:20:16 progress: 96% (27648 / 28800)
2022/04/26 08:20:21 progress: 97% (27936 / 28800)
2022/04/26 08:20:26 progress: 98% (28224 / 28800)
2022/04/26 08:20:31 progress: 99% (28512 / 28800)
2022/04/26 08:20:36 progress: 100% (28800 / 28800)
2022/04/26 08:20:36 RESULTS td
2022/04/26 08:20:36 a=440154 c=TD hr=0.33 winr=0.001 wins=12 head.i=11660 head.tabs=70727 k_mean=2.944 k_med=2.000 k_mode=[1] intervals_mean=0.163s d_mean.rel=0.081 balance=70714 objective_decs=0.979 reorgs.mag_mean=45.270\n
2022/04/26 08:20:36 a=365d8c c=TD hr=0.22 winr=0.000 wins=4 head.i=11656 head.tabs=70624 k_mean=2.945 k_med=2.000 k_mode=[1] intervals_mean=0.236s d_mean.rel=0.115 balance=2090 objective_decs=0.941 reorgs.mag_mean=28.387\n
2022/04/26 08:20:36 a=248f8c c=TD hr=0.15 winr=0.000 wins=0 head.i=11652 head.tabs=70696 k_mean=2.946 k_med=2.000 k_mode=[1] intervals_mean=0.050s d_mean.rel=0.203 balance=66491 objective_decs=0.912 reorgs.mag_mean=583.775\n
2022/04/26 08:20:36 a=50bb6b c=TD hr=0.10 winr=0.000 wins=2 head.i=11654 head.tabs=70660 k_mean=2.946 k_med=2.000 k_mode=[1] intervals_mean=0.304s d_mean.rel=0.146 balance=-19805 objective_decs=0.892 reorgs.mag_mean=753.561\n
2022/04/26 08:20:36 a=8bd447 c=TD hr=0.07 winr=0.000 wins=0 head.i=11652 head.tabs=70696 k_mean=2.946 k_med=2.000 k_mode=[1] intervals_mean=0.050s d_mean.rel=0.203 balance=47672 objective_decs=0.882 reorgs.mag_mean=1264.768\n
2022/04/26 08:20:36 a=b2dc33 c=TD hr=0.04 winr=0.000 wins=0 head.i=11652 head.tabs=70696 k_mean=2.946 k_med=2.000 k_mode=[1] intervals_mean=0.050s d_mean.rel=0.203 balance=-36934 objective_decs=0.884 reorgs.mag_mean=1316.390\n
2022/04/26 08:20:36 a=cbe12c c=TD hr=0.03 winr=0.000 wins=0 head.i=11652 head.tabs=70696 k_mean=2.946 k_med=2.000 k_mode=[1] intervals_mean=0.050s d_mean.rel=0.203 balance=4519 objective_decs=0.885 reorgs.mag_mean=1432.223\n
2022/04/26 08:20:36 a=dce329 c=TD hr=0.02 winr=0.000 wins=0 head.i=11652 head.tabs=70696 k_mean=2.946 k_med=2.000 k_mode=[1] intervals_mean=0.050s d_mean.rel=0.203 balance=7735 objective_decs=0.873 reorgs.mag_mean=1736.126\n
2022/04/26 08:20:36 a=e8e527 c=TD hr=0.01 winr=0.000 wins=0 head.i=11652 head.tabs=70696 k_mean=2.946 k_med=2.000 k_mode=[1] intervals_mean=0.050s d_mean.rel=0.203 balance=-3921 objective_decs=0.870 reorgs.mag_mean=940.347\n
2022/04/26 08:20:36 a=eae527 c=TD hr=0.01 winr=0.000 wins=0 head.i=11652 head.tabs=70696 k_mean=2.946 k_med=2.000 k_mode=[1] intervals_mean=0.050s d_mean.rel=0.203 balance=1855 objective_decs=0.867 reorgs.mag_mean=549.976\n
2022/04/26 08:20:36 a=efe626 c=TD hr=0.01 winr=0.000 wins=1 head.i=11653 head.tabs=70678 k_mean=2.946 k_med=2.000 k_mode=[1] intervals_mean=0.188s d_mean.rel=0.170 balance=1193 objective_decs=0.882 reorgs.mag_mean=1305.446\n
2022/04/26 08:20:36 a=f4e726 c=TD hr=0.01 winr=0.000 wins=0 head.i=11652 head.tabs=70696 k_mean=2.946 k_med=2.000 k_mode=[1] intervals_mean=0.050s d_mean.rel=0.203 balance=984 objective_decs=0.880 reorgs.mag_mean=1531.201\n
2022/04/26 08:20:36 Making plots...
